# JRE version: OpenJDK Runtime Environment (11.0.11+9) (build 11.0.11+9-b60-7590822)
# Java VM: OpenJDK 64-Bit Server VM (11.0.11+9-b60-7590822, mixed mode, tiered, compressed oops, g1 gc, windows-amd64)
Heap:
 garbage-first heap   total 258048K, used 188262K [0x0000000080000000, 0x0000000100000000)
  region size 1024K, 87 young (89088K), 14 survivors (14336K)
 Metaspace       used 91675K, capacity 94012K, committed 94116K, reserved 1130496K
  class space    used 11680K, capacity 12560K, committed 12620K, reserved 1048576K
GC Heap History (20 events):
Event: 4.256 GC heap before
{Heap before GC invocations=3 (full 0):
 garbage-first heap   total 258048K, used 51860K [0x0000000080000000, 0x0000000100000000)
  region size 1024K, 46 young (47104K), 11 survivors (11264K)
 Metaspace       used 24219K, capacity 24879K, committed 25008K, reserved 1071104K
  class space    used 3109K, capacity 3302K, committed 3328K, reserved 1048576K
}
Event: 4.262 GC heap after
{Heap after GC invocations=4 (full 0):
 garbage-first heap   total 258048K, used 18601K [0x0000000080000000, 0x0000000100000000)
  region size 1024K, 2 young (2048K), 2 survivors (2048K)
 Metaspace       used 24219K, capacity 24879K, committed 25008K, reserved 1071104K
  class space    used 3109K, capacity 3302K, committed 3328K, reserved 1048576K
}
Event: 5.489 GC heap before
{Heap before GC invocations=4 (full 0):
 garbage-first heap   total 258048K, used 93353K [0x0000000080000000, 0x0000000100000000)
  region size 1024K, 76 young (77824K), 2 survivors (2048K)
 Metaspace       used 34934K, capacity 35659K, committed 35708K, reserved 1081344K
  class space    used 4546K, capacity 4861K, committed 4864K, reserved 1048576K
}
Event: 5.498 GC heap after
{Heap after GC invocations=5 (full 0):
 garbage-first heap   total 258048K, used 22705K [0x0000000080000000, 0x0000000100000000)
  region size 1024K, 6 young (6144K), 6 survivors (6144K)
 Metaspace       used 34934K, capacity 35659K, committed 35708K, reserved 1081344K
  class space    used 4546K, capacity 4861K, committed 4864K, reserved 1048576K
}
Event: 6.817 GC heap before
{Heap before GC invocations=6 (full 0):
 garbage-first heap   total 258048K, used 140465K [0x0000000080000000, 0x0000000100000000)
  region size 1024K, 118 young (120832K), 6 survivors (6144K)
 Metaspace       used 43858K, capacity 44989K, committed 45128K, reserved 1089536K
  class space    used 5600K, capacity 5974K, committed 6092K, reserved 1048576K
}
Event: 6.833 GC heap after
{Heap after GC invocations=7 (full 0):
 garbage-first heap   total 258048K, used 29781K [0x0000000080000000, 0x0000000100000000)
  region size 1024K, 13 young (13312K), 13 survivors (13312K)
 Metaspace       used 43858K, capacity 44989K, committed 45128K, reserved 1089536K
  class space    used 5600K, capacity 5974K, committed 6092K, reserved 1048576K
}
Event: 8.574 GC heap before
{Heap before GC invocations=7 (full 0):
 garbage-first heap   total 258048K, used 168021K [0x0000000080000000, 0x0000000100000000)
  region size 1024K, 139 young (142336K), 13 survivors (13312K)
 Metaspace       used 50762K, capacity 52134K, committed 52168K, reserved 1095680K
  class space    used 6455K, capacity 6955K, committed 6988K, reserved 1048576K
}
Event: 8.595 GC heap after
{Heap after GC invocations=8 (full 0):
 garbage-first heap   total 258048K, used 50325K [0x0000000080000000, 0x0000000100000000)
  region size 1024K, 18 young (18432K), 18 survivors (18432K)
 Metaspace       used 50762K, capacity 52134K, committed 52168K, reserved 1095680K
  class space    used 6455K, capacity 6955K, committed 6988K, reserved 1048576K
}
Event: 9.399 GC heap before
{Heap before GC invocations=8 (full 0):
 garbage-first heap   total 258048K, used 104597K [0x0000000080000000, 0x0000000100000000)
  region size 1024K, 72 young (73728K), 18 survivors (18432K)
 Metaspace       used 58439K, capacity 59934K, committed 60068K, reserved 1101824K
  class space    used 7365K, capacity 7949K, committed 8012K, reserved 1048576K
}
Event: 9.419 GC heap after
{Heap after GC invocations=9 (full 0):
 garbage-first heap   total 258048K, used 54597K [0x0000000080000000, 0x0000000100000000)
  region size 1024K, 4 young (4096K), 4 survivors (4096K)
 Metaspace       used 58439K, capacity 59934K, committed 60068K, reserved 1101824K
  class space    used 7365K, capacity 7949K, committed 8012K, reserved 1048576K
}
Event: 10.805 GC heap before
{Heap before GC invocations=10 (full 0):
 garbage-first heap   total 258048K, used 159045K [0x0000000080000000, 0x0000000100000000)
  region size 1024K, 106 young (108544K), 4 survivors (4096K)
 Metaspace       used 65963K, capacity 67626K, committed 67748K, reserved 1107968K
  class space    used 8338K, capacity 8965K, committed 9036K, reserved 1048576K
}
Event: 10.815 GC heap after
{Heap after GC invocations=11 (full 0):
 garbage-first heap   total 258048K, used 61026K [0x0000000080000000, 0x0000000100000000)
  region size 1024K, 10 young (10240K), 10 survivors (10240K)
 Metaspace       used 65963K, capacity 67626K, committed 67748K, reserved 1107968K
  class space    used 8338K, capacity 8965K, committed 9036K, reserved 1048576K
}
Event: 12.631 GC heap before
{Heap before GC invocations=11 (full 0):
 garbage-first heap   total 258048K, used 168546K [0x0000000080000000, 0x0000000100000000)
  region size 1024K, 115 young (117760K), 10 survivors (10240K)
 Metaspace       used 77337K, capacity 79131K, committed 79396K, reserved 1118208K
  class space    used 9987K, capacity 10640K, committed 10700K, reserved 1048576K
}
Event: 12.645 GC heap after
{Heap after GC invocations=12 (full 0):
 garbage-first heap   total 258048K, used 68597K [0x0000000080000000, 0x0000000100000000)
  region size 1024K, 8 young (8192K), 8 survivors (8192K)
 Metaspace       used 77337K, capacity 79131K, committed 79396K, reserved 1118208K
  class space    used 9987K, capacity 10640K, committed 10700K, reserved 1048576K
}
Event: 14.253 GC heap before
{Heap before GC invocations=12 (full 0):
 garbage-first heap   total 258048K, used 176117K [0x0000000080000000, 0x0000000100000000)
  region size 1024K, 114 young (116736K), 8 survivors (8192K)
 Metaspace       used 84504K, capacity 86753K, committed 86948K, reserved 1124352K
  class space    used 10971K, capacity 11798K, committed 11852K, reserved 1048576K
}
Event: 14.266 GC heap after
{Heap after GC invocations=13 (full 0):
 garbage-first heap   total 258048K, used 77609K [0x0000000080000000, 0x0000000100000000)
  region size 1024K, 15 young (15360K), 15 survivors (15360K)
 Metaspace       used 84504K, capacity 86753K, committed 86948K, reserved 1124352K
  class space    used 10971K, capacity 11798K, committed 11852K, reserved 1048576K
}
Event: 16.762 GC heap before
{Heap before GC invocations=13 (full 0):
 garbage-first heap   total 258048K, used 183081K [0x0000000080000000, 0x0000000100000000)
  region size 1024K, 119 young (121856K), 15 survivors (15360K)
 Metaspace       used 86843K, capacity 89140K, committed 89252K, reserved 1126400K
  class space    used 11193K, capacity 12048K, committed 12108K, reserved 1048576K
}
Event: 16.779 GC heap after
{Heap after GC invocations=14 (full 0):
 garbage-first heap   total 258048K, used 84337K [0x0000000080000000, 0x0000000100000000)
  region size 1024K, 7 young (7168K), 7 survivors (7168K)
 Metaspace       used 86843K, capacity 89140K, committed 89252K, reserved 1126400K
  class space    used 11193K, capacity 12048K, committed 12108K, reserved 1048576K
}
Event: 19.151 GC heap before
{Heap before GC invocations=14 (full 0):
 garbage-first heap   total 258048K, used 192881K [0x0000000080000000, 0x0000000100000000)
  region size 1024K, 111 young (113664K), 7 survivors (7168K)
 Metaspace       used 88153K, capacity 90397K, committed 90660K, reserved 1128448K
  class space    used 11283K, capacity 12147K, committed 12236K, reserved 1048576K
}
Event: 19.171 GC heap after
{Heap after GC invocations=15 (full 0):
 garbage-first heap   total 258048K, used 107366K [0x0000000080000000, 0x0000000100000000)
  region size 1024K, 14 young (14336K), 14 survivors (14336K)
 Metaspace       used 88153K, capacity 90397K, committed 90660K, reserved 1128448K
  class space    used 11283K, capacity 12147K, committed 12236K, reserved 1048576K
}

